ARM GAS  C:\User\Default\ccwEyR6w.s 			page 1


   1              		.cpu cortex-m4
   2              		.arch armv7e-m
   3              		.fpu fpv4-sp-d16
   4              		.eabi_attribute 27, 1
   5              		.eabi_attribute 28, 1
   6              		.eabi_attribute 20, 1
   7              		.eabi_attribute 21, 1
   8              		.eabi_attribute 23, 3
   9              		.eabi_attribute 24, 1
  10              		.eabi_attribute 25, 1
  11              		.eabi_attribute 26, 1
  12              		.eabi_attribute 30, 1
  13              		.eabi_attribute 34, 1
  14              		.eabi_attribute 18, 4
  15              		.file	"gpio.c"
  16              		.text
  17              	.Ltext0:
  18              		.cfi_sections	.debug_frame
  19              		.section	.text.MX_GPIO_Init,"ax",%progbits
  20              		.align	1
  21              		.global	MX_GPIO_Init
  22              		.syntax unified
  23              		.thumb
  24              		.thumb_func
  26              	MX_GPIO_Init:
  27              	.LFB134:
  28              		.file 1 "Core/Src/gpio.c"
   1:Core/Src/gpio.c **** /* USER CODE BEGIN Header */
   2:Core/Src/gpio.c **** /**
   3:Core/Src/gpio.c ****   ******************************************************************************
   4:Core/Src/gpio.c ****   * @file    gpio.c
   5:Core/Src/gpio.c ****   * @brief   This file provides code for the configuration
   6:Core/Src/gpio.c ****   *          of all used GPIO pins.
   7:Core/Src/gpio.c ****   ******************************************************************************
   8:Core/Src/gpio.c ****   * @attention
   9:Core/Src/gpio.c ****   *
  10:Core/Src/gpio.c ****   * Copyright (c) 2024 STMicroelectronics.
  11:Core/Src/gpio.c ****   * All rights reserved.
  12:Core/Src/gpio.c ****   *
  13:Core/Src/gpio.c ****   * This software is licensed under terms that can be found in the LICENSE file
  14:Core/Src/gpio.c ****   * in the root directory of this software component.
  15:Core/Src/gpio.c ****   * If no LICENSE file comes with this software, it is provided AS-IS.
  16:Core/Src/gpio.c ****   *
  17:Core/Src/gpio.c ****   ******************************************************************************
  18:Core/Src/gpio.c ****   */
  19:Core/Src/gpio.c **** /* USER CODE END Header */
  20:Core/Src/gpio.c **** 
  21:Core/Src/gpio.c **** /* Includes ------------------------------------------------------------------*/
  22:Core/Src/gpio.c **** #include "gpio.h"
  23:Core/Src/gpio.c **** 
  24:Core/Src/gpio.c **** /* USER CODE BEGIN 0 */
  25:Core/Src/gpio.c **** 
  26:Core/Src/gpio.c **** /* USER CODE END 0 */
  27:Core/Src/gpio.c **** 
  28:Core/Src/gpio.c **** /*----------------------------------------------------------------------------*/
  29:Core/Src/gpio.c **** /* Configure GPIO                                                             */
  30:Core/Src/gpio.c **** /*----------------------------------------------------------------------------*/
ARM GAS  C:\User\Default\ccwEyR6w.s 			page 2


  31:Core/Src/gpio.c **** /* USER CODE BEGIN 1 */
  32:Core/Src/gpio.c **** 
  33:Core/Src/gpio.c **** /* USER CODE END 1 */
  34:Core/Src/gpio.c **** 
  35:Core/Src/gpio.c **** /** Configure pins as
  36:Core/Src/gpio.c ****         * Analog
  37:Core/Src/gpio.c ****         * Input
  38:Core/Src/gpio.c ****         * Output
  39:Core/Src/gpio.c ****         * EVENT_OUT
  40:Core/Src/gpio.c ****         * EXTI
  41:Core/Src/gpio.c **** */
  42:Core/Src/gpio.c **** void MX_GPIO_Init(void)
  43:Core/Src/gpio.c **** {
  29              		.loc 1 43 1 view -0
  30              		.cfi_startproc
  31              		@ args = 0, pretend = 0, frame = 40
  32              		@ frame_needed = 0, uses_anonymous_args = 0
  33 0000 10B5     		push	{r4, lr}
  34              	.LCFI0:
  35              		.cfi_def_cfa_offset 8
  36              		.cfi_offset 4, -8
  37              		.cfi_offset 14, -4
  38 0002 8AB0     		sub	sp, sp, #40
  39              	.LCFI1:
  40              		.cfi_def_cfa_offset 48
  44:Core/Src/gpio.c **** 
  45:Core/Src/gpio.c ****   GPIO_InitTypeDef GPIO_InitStruct = {0};
  41              		.loc 1 45 3 view .LVU1
  42              		.loc 1 45 20 is_stmt 0 view .LVU2
  43 0004 0022     		movs	r2, #0
  44 0006 0592     		str	r2, [sp, #20]
  45 0008 0692     		str	r2, [sp, #24]
  46 000a 0792     		str	r2, [sp, #28]
  47 000c 0892     		str	r2, [sp, #32]
  48 000e 0992     		str	r2, [sp, #36]
  46:Core/Src/gpio.c **** 
  47:Core/Src/gpio.c ****   /* GPIO Ports Clock Enable */
  48:Core/Src/gpio.c ****   __HAL_RCC_GPIOA_CLK_ENABLE();
  49              		.loc 1 48 3 is_stmt 1 view .LVU3
  50              	.LBB2:
  51              		.loc 1 48 3 view .LVU4
  52 0010 0192     		str	r2, [sp, #4]
  53              		.loc 1 48 3 view .LVU5
  54 0012 1E4B     		ldr	r3, .L3
  55 0014 196B     		ldr	r1, [r3, #48]
  56 0016 41F00101 		orr	r1, r1, #1
  57 001a 1963     		str	r1, [r3, #48]
  58              		.loc 1 48 3 view .LVU6
  59 001c 196B     		ldr	r1, [r3, #48]
  60 001e 01F00101 		and	r1, r1, #1
  61 0022 0191     		str	r1, [sp, #4]
  62              		.loc 1 48 3 view .LVU7
  63 0024 0199     		ldr	r1, [sp, #4]
  64              	.LBE2:
  65              		.loc 1 48 3 view .LVU8
  49:Core/Src/gpio.c ****   __HAL_RCC_GPIOB_CLK_ENABLE();
  66              		.loc 1 49 3 view .LVU9
ARM GAS  C:\User\Default\ccwEyR6w.s 			page 3


  67              	.LBB3:
  68              		.loc 1 49 3 view .LVU10
  69 0026 0292     		str	r2, [sp, #8]
  70              		.loc 1 49 3 view .LVU11
  71 0028 196B     		ldr	r1, [r3, #48]
  72 002a 41F00201 		orr	r1, r1, #2
  73 002e 1963     		str	r1, [r3, #48]
  74              		.loc 1 49 3 view .LVU12
  75 0030 196B     		ldr	r1, [r3, #48]
  76 0032 01F00201 		and	r1, r1, #2
  77 0036 0291     		str	r1, [sp, #8]
  78              		.loc 1 49 3 view .LVU13
  79 0038 0299     		ldr	r1, [sp, #8]
  80              	.LBE3:
  81              		.loc 1 49 3 view .LVU14
  50:Core/Src/gpio.c ****   __HAL_RCC_GPIOC_CLK_ENABLE();
  82              		.loc 1 50 3 view .LVU15
  83              	.LBB4:
  84              		.loc 1 50 3 view .LVU16
  85 003a 0392     		str	r2, [sp, #12]
  86              		.loc 1 50 3 view .LVU17
  87 003c 196B     		ldr	r1, [r3, #48]
  88 003e 41F00401 		orr	r1, r1, #4
  89 0042 1963     		str	r1, [r3, #48]
  90              		.loc 1 50 3 view .LVU18
  91 0044 196B     		ldr	r1, [r3, #48]
  92 0046 01F00401 		and	r1, r1, #4
  93 004a 0391     		str	r1, [sp, #12]
  94              		.loc 1 50 3 view .LVU19
  95 004c 0399     		ldr	r1, [sp, #12]
  96              	.LBE4:
  97              		.loc 1 50 3 view .LVU20
  51:Core/Src/gpio.c ****   __HAL_RCC_GPIOH_CLK_ENABLE();
  98              		.loc 1 51 3 view .LVU21
  99              	.LBB5:
 100              		.loc 1 51 3 view .LVU22
 101 004e 0492     		str	r2, [sp, #16]
 102              		.loc 1 51 3 view .LVU23
 103 0050 196B     		ldr	r1, [r3, #48]
 104 0052 41F08001 		orr	r1, r1, #128
 105 0056 1963     		str	r1, [r3, #48]
 106              		.loc 1 51 3 view .LVU24
 107 0058 1B6B     		ldr	r3, [r3, #48]
 108 005a 03F08003 		and	r3, r3, #128
 109 005e 0493     		str	r3, [sp, #16]
 110              		.loc 1 51 3 view .LVU25
 111 0060 049B     		ldr	r3, [sp, #16]
 112              	.LBE5:
 113              		.loc 1 51 3 view .LVU26
  52:Core/Src/gpio.c **** 
  53:Core/Src/gpio.c ****   /*Configure GPIO pin Output Level */
  54:Core/Src/gpio.c ****   HAL_GPIO_WritePin(GPIOH, GPIO_PIN_12, GPIO_PIN_RESET);
 114              		.loc 1 54 3 view .LVU27
 115 0062 0B4C     		ldr	r4, .L3+4
 116 0064 4FF48051 		mov	r1, #4096
 117 0068 2046     		mov	r0, r4
 118 006a FFF7FEFF 		bl	HAL_GPIO_WritePin
ARM GAS  C:\User\Default\ccwEyR6w.s 			page 4


 119              	.LVL0:
  55:Core/Src/gpio.c **** 
  56:Core/Src/gpio.c ****   /*Configure GPIO pin : PH12 */
  57:Core/Src/gpio.c ****   GPIO_InitStruct.Pin = GPIO_PIN_12;
 120              		.loc 1 57 3 view .LVU28
 121              		.loc 1 57 23 is_stmt 0 view .LVU29
 122 006e 4FF48053 		mov	r3, #4096
 123 0072 0593     		str	r3, [sp, #20]
  58:Core/Src/gpio.c ****   GPIO_InitStruct.Mode = GPIO_MODE_OUTPUT_PP;
 124              		.loc 1 58 3 is_stmt 1 view .LVU30
 125              		.loc 1 58 24 is_stmt 0 view .LVU31
 126 0074 0123     		movs	r3, #1
 127 0076 0693     		str	r3, [sp, #24]
  59:Core/Src/gpio.c ****   GPIO_InitStruct.Pull = GPIO_PULLUP;
 128              		.loc 1 59 3 is_stmt 1 view .LVU32
 129              		.loc 1 59 24 is_stmt 0 view .LVU33
 130 0078 0793     		str	r3, [sp, #28]
  60:Core/Src/gpio.c ****   GPIO_InitStruct.Speed = GPIO_SPEED_FREQ_HIGH;
 131              		.loc 1 60 3 is_stmt 1 view .LVU34
 132              		.loc 1 60 25 is_stmt 0 view .LVU35
 133 007a 0223     		movs	r3, #2
 134 007c 0893     		str	r3, [sp, #32]
  61:Core/Src/gpio.c ****   HAL_GPIO_Init(GPIOH, &GPIO_InitStruct);
 135              		.loc 1 61 3 is_stmt 1 view .LVU36
 136 007e 05A9     		add	r1, sp, #20
 137 0080 2046     		mov	r0, r4
 138 0082 FFF7FEFF 		bl	HAL_GPIO_Init
 139              	.LVL1:
  62:Core/Src/gpio.c **** 
  63:Core/Src/gpio.c **** }
 140              		.loc 1 63 1 is_stmt 0 view .LVU37
 141 0086 0AB0     		add	sp, sp, #40
 142              	.LCFI2:
 143              		.cfi_def_cfa_offset 8
 144              		@ sp needed
 145 0088 10BD     		pop	{r4, pc}
 146              	.L4:
 147 008a 00BF     		.align	2
 148              	.L3:
 149 008c 00380240 		.word	1073887232
 150 0090 001C0240 		.word	1073880064
 151              		.cfi_endproc
 152              	.LFE134:
 154              		.text
 155              	.Letext0:
 156              		.file 2 "e:\\arm-gnu\\arm\\arm-none-eabi\\include\\machine\\_default_types.h"
 157              		.file 3 "e:\\arm-gnu\\arm\\arm-none-eabi\\include\\sys\\_stdint.h"
 158              		.file 4 "Drivers/CMSIS/Device/ST/STM32F4xx/Include/stm32f407xx.h"
 159              		.file 5 "Drivers/STM32F4xx_HAL_Driver/Inc/stm32f4xx_hal_gpio.h"
ARM GAS  C:\User\Default\ccwEyR6w.s 			page 5


DEFINED SYMBOLS
                            *ABS*:00000000 gpio.c
C:\User\Default\ccwEyR6w.s:20     .text.MX_GPIO_Init:00000000 $t
C:\User\Default\ccwEyR6w.s:26     .text.MX_GPIO_Init:00000000 MX_GPIO_Init
C:\User\Default\ccwEyR6w.s:149    .text.MX_GPIO_Init:0000008c $d

UNDEFINED SYMBOLS
HAL_GPIO_WritePin
HAL_GPIO_Init
