ARM GAS  C:\User\Default\ccYej4Lk.s 			page 1


   1              		.cpu cortex-m4
   2              		.arch armv7e-m
   3              		.fpu fpv4-sp-d16
   4              		.eabi_attribute 27, 1
   5              		.eabi_attribute 28, 1
   6              		.eabi_attribute 20, 1
   7              		.eabi_attribute 21, 1
   8              		.eabi_attribute 23, 3
   9              		.eabi_attribute 24, 1
  10              		.eabi_attribute 25, 1
  11              		.eabi_attribute 26, 1
  12              		.eabi_attribute 30, 1
  13              		.eabi_attribute 34, 1
  14              		.eabi_attribute 18, 4
  15              		.file	"usart.c"
  16              		.text
  17              	.Ltext0:
  18              		.cfi_sections	.debug_frame
  19              		.section	.text.MX_USART1_UART_Init,"ax",%progbits
  20              		.align	1
  21              		.global	MX_USART1_UART_Init
  22              		.syntax unified
  23              		.thumb
  24              		.thumb_func
  26              	MX_USART1_UART_Init:
  27              	.LFB134:
  28              		.file 1 "Core/Src/usart.c"
   1:Core/Src/usart.c **** /* USER CODE BEGIN Header */
   2:Core/Src/usart.c **** /**
   3:Core/Src/usart.c ****   ******************************************************************************
   4:Core/Src/usart.c ****   * @file    usart.c
   5:Core/Src/usart.c ****   * @brief   This file provides code for the configuration
   6:Core/Src/usart.c ****   *          of the USART instances.
   7:Core/Src/usart.c ****   ******************************************************************************
   8:Core/Src/usart.c ****   * @attention
   9:Core/Src/usart.c ****   *
  10:Core/Src/usart.c ****   * Copyright (c) 2024 STMicroelectronics.
  11:Core/Src/usart.c ****   * All rights reserved.
  12:Core/Src/usart.c ****   *
  13:Core/Src/usart.c ****   * This software is licensed under terms that can be found in the LICENSE file
  14:Core/Src/usart.c ****   * in the root directory of this software component.
  15:Core/Src/usart.c ****   * If no LICENSE file comes with this software, it is provided AS-IS.
  16:Core/Src/usart.c ****   *
  17:Core/Src/usart.c ****   ******************************************************************************
  18:Core/Src/usart.c ****   */
  19:Core/Src/usart.c **** /* USER CODE END Header */
  20:Core/Src/usart.c **** /* Includes ------------------------------------------------------------------*/
  21:Core/Src/usart.c **** #include "usart.h"
  22:Core/Src/usart.c **** 
  23:Core/Src/usart.c **** /* USER CODE BEGIN 0 */
  24:Core/Src/usart.c **** 
  25:Core/Src/usart.c **** /* USER CODE END 0 */
  26:Core/Src/usart.c **** 
  27:Core/Src/usart.c **** UART_HandleTypeDef huart1;
  28:Core/Src/usart.c **** UART_HandleTypeDef huart3;
  29:Core/Src/usart.c **** DMA_HandleTypeDef hdma_usart1_tx;
  30:Core/Src/usart.c **** DMA_HandleTypeDef hdma_usart3_rx;
ARM GAS  C:\User\Default\ccYej4Lk.s 			page 2


  31:Core/Src/usart.c **** 
  32:Core/Src/usart.c **** /* USART1 init function */
  33:Core/Src/usart.c **** 
  34:Core/Src/usart.c **** void MX_USART1_UART_Init(void)
  35:Core/Src/usart.c **** {
  29              		.loc 1 35 1 view -0
  30              		.cfi_startproc
  31              		@ args = 0, pretend = 0, frame = 0
  32              		@ frame_needed = 0, uses_anonymous_args = 0
  33 0000 08B5     		push	{r3, lr}
  34              	.LCFI0:
  35              		.cfi_def_cfa_offset 8
  36              		.cfi_offset 3, -8
  37              		.cfi_offset 14, -4
  36:Core/Src/usart.c **** 
  37:Core/Src/usart.c ****   /* USER CODE BEGIN USART1_Init 0 */
  38:Core/Src/usart.c **** 
  39:Core/Src/usart.c ****   /* USER CODE END USART1_Init 0 */
  40:Core/Src/usart.c **** 
  41:Core/Src/usart.c ****   /* USER CODE BEGIN USART1_Init 1 */
  42:Core/Src/usart.c **** 
  43:Core/Src/usart.c ****   /* USER CODE END USART1_Init 1 */
  44:Core/Src/usart.c ****   huart1.Instance = USART1;
  38              		.loc 1 44 3 view .LVU1
  39              		.loc 1 44 19 is_stmt 0 view .LVU2
  40 0002 0A48     		ldr	r0, .L5
  41 0004 0A4B     		ldr	r3, .L5+4
  42 0006 0360     		str	r3, [r0]
  45:Core/Src/usart.c ****   huart1.Init.BaudRate = 115200;
  43              		.loc 1 45 3 is_stmt 1 view .LVU3
  44              		.loc 1 45 24 is_stmt 0 view .LVU4
  45 0008 4FF4E133 		mov	r3, #115200
  46 000c 4360     		str	r3, [r0, #4]
  46:Core/Src/usart.c ****   huart1.Init.WordLength = UART_WORDLENGTH_8B;
  47              		.loc 1 46 3 is_stmt 1 view .LVU5
  48              		.loc 1 46 26 is_stmt 0 view .LVU6
  49 000e 0023     		movs	r3, #0
  50 0010 8360     		str	r3, [r0, #8]
  47:Core/Src/usart.c ****   huart1.Init.StopBits = UART_STOPBITS_1;
  51              		.loc 1 47 3 is_stmt 1 view .LVU7
  52              		.loc 1 47 24 is_stmt 0 view .LVU8
  53 0012 C360     		str	r3, [r0, #12]
  48:Core/Src/usart.c ****   huart1.Init.Parity = UART_PARITY_NONE;
  54              		.loc 1 48 3 is_stmt 1 view .LVU9
  55              		.loc 1 48 22 is_stmt 0 view .LVU10
  56 0014 0361     		str	r3, [r0, #16]
  49:Core/Src/usart.c ****   huart1.Init.Mode = UART_MODE_TX_RX;
  57              		.loc 1 49 3 is_stmt 1 view .LVU11
  58              		.loc 1 49 20 is_stmt 0 view .LVU12
  59 0016 0C22     		movs	r2, #12
  60 0018 4261     		str	r2, [r0, #20]
  50:Core/Src/usart.c ****   huart1.Init.HwFlowCtl = UART_HWCONTROL_NONE;
  61              		.loc 1 50 3 is_stmt 1 view .LVU13
  62              		.loc 1 50 25 is_stmt 0 view .LVU14
  63 001a 8361     		str	r3, [r0, #24]
  51:Core/Src/usart.c ****   huart1.Init.OverSampling = UART_OVERSAMPLING_16;
  64              		.loc 1 51 3 is_stmt 1 view .LVU15
ARM GAS  C:\User\Default\ccYej4Lk.s 			page 3


  65              		.loc 1 51 28 is_stmt 0 view .LVU16
  66 001c C361     		str	r3, [r0, #28]
  52:Core/Src/usart.c ****   if (HAL_UART_Init(&huart1) != HAL_OK)
  67              		.loc 1 52 3 is_stmt 1 view .LVU17
  68              		.loc 1 52 7 is_stmt 0 view .LVU18
  69 001e FFF7FEFF 		bl	HAL_UART_Init
  70              	.LVL0:
  71              		.loc 1 52 6 view .LVU19
  72 0022 00B9     		cbnz	r0, .L4
  73              	.L1:
  53:Core/Src/usart.c ****   {
  54:Core/Src/usart.c ****     Error_Handler();
  55:Core/Src/usart.c ****   }
  56:Core/Src/usart.c ****   /* USER CODE BEGIN USART1_Init 2 */
  57:Core/Src/usart.c **** 
  58:Core/Src/usart.c ****   /* USER CODE END USART1_Init 2 */
  59:Core/Src/usart.c **** 
  60:Core/Src/usart.c **** }
  74              		.loc 1 60 1 view .LVU20
  75 0024 08BD     		pop	{r3, pc}
  76              	.L4:
  54:Core/Src/usart.c ****   }
  77              		.loc 1 54 5 is_stmt 1 view .LVU21
  78 0026 FFF7FEFF 		bl	Error_Handler
  79              	.LVL1:
  80              		.loc 1 60 1 is_stmt 0 view .LVU22
  81 002a FBE7     		b	.L1
  82              	.L6:
  83              		.align	2
  84              	.L5:
  85 002c 00000000 		.word	.LANCHOR0
  86 0030 00100140 		.word	1073811456
  87              		.cfi_endproc
  88              	.LFE134:
  90              		.section	.text.MX_USART3_UART_Init,"ax",%progbits
  91              		.align	1
  92              		.global	MX_USART3_UART_Init
  93              		.syntax unified
  94              		.thumb
  95              		.thumb_func
  97              	MX_USART3_UART_Init:
  98              	.LFB135:
  61:Core/Src/usart.c **** /* USART3 init function */
  62:Core/Src/usart.c **** 
  63:Core/Src/usart.c **** void MX_USART3_UART_Init(void)
  64:Core/Src/usart.c **** {
  99              		.loc 1 64 1 is_stmt 1 view -0
 100              		.cfi_startproc
 101              		@ args = 0, pretend = 0, frame = 0
 102              		@ frame_needed = 0, uses_anonymous_args = 0
 103 0000 08B5     		push	{r3, lr}
 104              	.LCFI1:
 105              		.cfi_def_cfa_offset 8
 106              		.cfi_offset 3, -8
 107              		.cfi_offset 14, -4
  65:Core/Src/usart.c **** 
  66:Core/Src/usart.c ****   /* USER CODE BEGIN USART3_Init 0 */
ARM GAS  C:\User\Default\ccYej4Lk.s 			page 4


  67:Core/Src/usart.c **** 
  68:Core/Src/usart.c ****   /* USER CODE END USART3_Init 0 */
  69:Core/Src/usart.c **** 
  70:Core/Src/usart.c ****   /* USER CODE BEGIN USART3_Init 1 */
  71:Core/Src/usart.c **** 
  72:Core/Src/usart.c ****   /* USER CODE END USART3_Init 1 */
  73:Core/Src/usart.c ****   huart3.Instance = USART3;
 108              		.loc 1 73 3 view .LVU24
 109              		.loc 1 73 19 is_stmt 0 view .LVU25
 110 0002 0A48     		ldr	r0, .L11
 111 0004 0A4B     		ldr	r3, .L11+4
 112 0006 0360     		str	r3, [r0]
  74:Core/Src/usart.c ****   huart3.Init.BaudRate = 100000;
 113              		.loc 1 74 3 is_stmt 1 view .LVU26
 114              		.loc 1 74 24 is_stmt 0 view .LVU27
 115 0008 0A4B     		ldr	r3, .L11+8
 116 000a 4360     		str	r3, [r0, #4]
  75:Core/Src/usart.c ****   huart3.Init.WordLength = UART_WORDLENGTH_8B;
 117              		.loc 1 75 3 is_stmt 1 view .LVU28
 118              		.loc 1 75 26 is_stmt 0 view .LVU29
 119 000c 0023     		movs	r3, #0
 120 000e 8360     		str	r3, [r0, #8]
  76:Core/Src/usart.c ****   huart3.Init.StopBits = UART_STOPBITS_1;
 121              		.loc 1 76 3 is_stmt 1 view .LVU30
 122              		.loc 1 76 24 is_stmt 0 view .LVU31
 123 0010 C360     		str	r3, [r0, #12]
  77:Core/Src/usart.c ****   huart3.Init.Parity = UART_PARITY_NONE;
 124              		.loc 1 77 3 is_stmt 1 view .LVU32
 125              		.loc 1 77 22 is_stmt 0 view .LVU33
 126 0012 0361     		str	r3, [r0, #16]
  78:Core/Src/usart.c ****   huart3.Init.Mode = UART_MODE_TX_RX;
 127              		.loc 1 78 3 is_stmt 1 view .LVU34
 128              		.loc 1 78 20 is_stmt 0 view .LVU35
 129 0014 0C22     		movs	r2, #12
 130 0016 4261     		str	r2, [r0, #20]
  79:Core/Src/usart.c ****   huart3.Init.HwFlowCtl = UART_HWCONTROL_NONE;
 131              		.loc 1 79 3 is_stmt 1 view .LVU36
 132              		.loc 1 79 25 is_stmt 0 view .LVU37
 133 0018 8361     		str	r3, [r0, #24]
  80:Core/Src/usart.c ****   huart3.Init.OverSampling = UART_OVERSAMPLING_16;
 134              		.loc 1 80 3 is_stmt 1 view .LVU38
 135              		.loc 1 80 28 is_stmt 0 view .LVU39
 136 001a C361     		str	r3, [r0, #28]
  81:Core/Src/usart.c ****   if (HAL_UART_Init(&huart3) != HAL_OK)
 137              		.loc 1 81 3 is_stmt 1 view .LVU40
 138              		.loc 1 81 7 is_stmt 0 view .LVU41
 139 001c FFF7FEFF 		bl	HAL_UART_Init
 140              	.LVL2:
 141              		.loc 1 81 6 view .LVU42
 142 0020 00B9     		cbnz	r0, .L10
 143              	.L7:
  82:Core/Src/usart.c ****   {
  83:Core/Src/usart.c ****     Error_Handler();
  84:Core/Src/usart.c ****   }
  85:Core/Src/usart.c ****   /* USER CODE BEGIN USART3_Init 2 */
  86:Core/Src/usart.c **** 
  87:Core/Src/usart.c ****   /* USER CODE END USART3_Init 2 */
ARM GAS  C:\User\Default\ccYej4Lk.s 			page 5


  88:Core/Src/usart.c **** 
  89:Core/Src/usart.c **** }
 144              		.loc 1 89 1 view .LVU43
 145 0022 08BD     		pop	{r3, pc}
 146              	.L10:
  83:Core/Src/usart.c ****   }
 147              		.loc 1 83 5 is_stmt 1 view .LVU44
 148 0024 FFF7FEFF 		bl	Error_Handler
 149              	.LVL3:
 150              		.loc 1 89 1 is_stmt 0 view .LVU45
 151 0028 FBE7     		b	.L7
 152              	.L12:
 153 002a 00BF     		.align	2
 154              	.L11:
 155 002c 00000000 		.word	.LANCHOR1
 156 0030 00480040 		.word	1073760256
 157 0034 A0860100 		.word	100000
 158              		.cfi_endproc
 159              	.LFE135:
 161              		.section	.text.HAL_UART_MspInit,"ax",%progbits
 162              		.align	1
 163              		.global	HAL_UART_MspInit
 164              		.syntax unified
 165              		.thumb
 166              		.thumb_func
 168              	HAL_UART_MspInit:
 169              	.LVL4:
 170              	.LFB136:
  90:Core/Src/usart.c **** 
  91:Core/Src/usart.c **** void HAL_UART_MspInit(UART_HandleTypeDef* uartHandle)
  92:Core/Src/usart.c **** {
 171              		.loc 1 92 1 is_stmt 1 view -0
 172              		.cfi_startproc
 173              		@ args = 0, pretend = 0, frame = 40
 174              		@ frame_needed = 0, uses_anonymous_args = 0
 175              		.loc 1 92 1 is_stmt 0 view .LVU47
 176 0000 30B5     		push	{r4, r5, lr}
 177              	.LCFI2:
 178              		.cfi_def_cfa_offset 12
 179              		.cfi_offset 4, -12
 180              		.cfi_offset 5, -8
 181              		.cfi_offset 14, -4
 182 0002 8BB0     		sub	sp, sp, #44
 183              	.LCFI3:
 184              		.cfi_def_cfa_offset 56
 185 0004 0446     		mov	r4, r0
  93:Core/Src/usart.c **** 
  94:Core/Src/usart.c ****   GPIO_InitTypeDef GPIO_InitStruct = {0};
 186              		.loc 1 94 3 is_stmt 1 view .LVU48
 187              		.loc 1 94 20 is_stmt 0 view .LVU49
 188 0006 0023     		movs	r3, #0
 189 0008 0593     		str	r3, [sp, #20]
 190 000a 0693     		str	r3, [sp, #24]
 191 000c 0793     		str	r3, [sp, #28]
 192 000e 0893     		str	r3, [sp, #32]
 193 0010 0993     		str	r3, [sp, #36]
  95:Core/Src/usart.c ****   if(uartHandle->Instance==USART1)
ARM GAS  C:\User\Default\ccYej4Lk.s 			page 6


 194              		.loc 1 95 3 is_stmt 1 view .LVU50
 195              		.loc 1 95 16 is_stmt 0 view .LVU51
 196 0012 0368     		ldr	r3, [r0]
 197              		.loc 1 95 5 view .LVU52
 198 0014 4A4A     		ldr	r2, .L23
 199 0016 9342     		cmp	r3, r2
 200 0018 04D0     		beq	.L19
  96:Core/Src/usart.c ****   {
  97:Core/Src/usart.c ****   /* USER CODE BEGIN USART1_MspInit 0 */
  98:Core/Src/usart.c **** 
  99:Core/Src/usart.c ****   /* USER CODE END USART1_MspInit 0 */
 100:Core/Src/usart.c ****     /* USART1 clock enable */
 101:Core/Src/usart.c ****     __HAL_RCC_USART1_CLK_ENABLE();
 102:Core/Src/usart.c **** 
 103:Core/Src/usart.c ****     __HAL_RCC_GPIOB_CLK_ENABLE();
 104:Core/Src/usart.c ****     /**USART1 GPIO Configuration
 105:Core/Src/usart.c ****     PB7     ------> USART1_RX
 106:Core/Src/usart.c ****     PB6     ------> USART1_TX
 107:Core/Src/usart.c ****     */
 108:Core/Src/usart.c ****     GPIO_InitStruct.Pin = GPIO_PIN_7|GPIO_PIN_6;
 109:Core/Src/usart.c ****     GPIO_InitStruct.Mode = GPIO_MODE_AF_PP;
 110:Core/Src/usart.c ****     GPIO_InitStruct.Pull = GPIO_NOPULL;
 111:Core/Src/usart.c ****     GPIO_InitStruct.Speed = GPIO_SPEED_FREQ_VERY_HIGH;
 112:Core/Src/usart.c ****     GPIO_InitStruct.Alternate = GPIO_AF7_USART1;
 113:Core/Src/usart.c ****     HAL_GPIO_Init(GPIOB, &GPIO_InitStruct);
 114:Core/Src/usart.c **** 
 115:Core/Src/usart.c ****     /* USART1 DMA Init */
 116:Core/Src/usart.c ****     /* USART1_TX Init */
 117:Core/Src/usart.c ****     hdma_usart1_tx.Instance = DMA2_Stream7;
 118:Core/Src/usart.c ****     hdma_usart1_tx.Init.Channel = DMA_CHANNEL_4;
 119:Core/Src/usart.c ****     hdma_usart1_tx.Init.Direction = DMA_MEMORY_TO_PERIPH;
 120:Core/Src/usart.c ****     hdma_usart1_tx.Init.PeriphInc = DMA_PINC_DISABLE;
 121:Core/Src/usart.c ****     hdma_usart1_tx.Init.MemInc = DMA_MINC_ENABLE;
 122:Core/Src/usart.c ****     hdma_usart1_tx.Init.PeriphDataAlignment = DMA_PDATAALIGN_BYTE;
 123:Core/Src/usart.c ****     hdma_usart1_tx.Init.MemDataAlignment = DMA_MDATAALIGN_BYTE;
 124:Core/Src/usart.c ****     hdma_usart1_tx.Init.Mode = DMA_NORMAL;
 125:Core/Src/usart.c ****     hdma_usart1_tx.Init.Priority = DMA_PRIORITY_VERY_HIGH;
 126:Core/Src/usart.c ****     hdma_usart1_tx.Init.FIFOMode = DMA_FIFOMODE_DISABLE;
 127:Core/Src/usart.c ****     if (HAL_DMA_Init(&hdma_usart1_tx) != HAL_OK)
 128:Core/Src/usart.c ****     {
 129:Core/Src/usart.c ****       Error_Handler();
 130:Core/Src/usart.c ****     }
 131:Core/Src/usart.c **** 
 132:Core/Src/usart.c ****     __HAL_LINKDMA(uartHandle,hdmatx,hdma_usart1_tx);
 133:Core/Src/usart.c **** 
 134:Core/Src/usart.c ****     /* USART1 interrupt Init */
 135:Core/Src/usart.c ****     HAL_NVIC_SetPriority(USART1_IRQn, 5, 0);
 136:Core/Src/usart.c ****     HAL_NVIC_EnableIRQ(USART1_IRQn);
 137:Core/Src/usart.c ****   /* USER CODE BEGIN USART1_MspInit 1 */
 138:Core/Src/usart.c **** 
 139:Core/Src/usart.c ****   /* USER CODE END USART1_MspInit 1 */
 140:Core/Src/usart.c ****   }
 141:Core/Src/usart.c ****   else if(uartHandle->Instance==USART3)
 201              		.loc 1 141 8 is_stmt 1 view .LVU53
 202              		.loc 1 141 10 is_stmt 0 view .LVU54
 203 001a 4A4A     		ldr	r2, .L23+4
 204 001c 9342     		cmp	r3, r2
ARM GAS  C:\User\Default\ccYej4Lk.s 			page 7


 205 001e 48D0     		beq	.L20
 206              	.LVL5:
 207              	.L13:
 142:Core/Src/usart.c ****   {
 143:Core/Src/usart.c ****   /* USER CODE BEGIN USART3_MspInit 0 */
 144:Core/Src/usart.c **** 
 145:Core/Src/usart.c ****   /* USER CODE END USART3_MspInit 0 */
 146:Core/Src/usart.c ****     /* USART3 clock enable */
 147:Core/Src/usart.c ****     __HAL_RCC_USART3_CLK_ENABLE();
 148:Core/Src/usart.c **** 
 149:Core/Src/usart.c ****     __HAL_RCC_GPIOC_CLK_ENABLE();
 150:Core/Src/usart.c ****     /**USART3 GPIO Configuration
 151:Core/Src/usart.c ****     PC11     ------> USART3_RX
 152:Core/Src/usart.c ****     PC10     ------> USART3_TX
 153:Core/Src/usart.c ****     */
 154:Core/Src/usart.c ****     GPIO_InitStruct.Pin = GPIO_PIN_11|GPIO_PIN_10;
 155:Core/Src/usart.c ****     GPIO_InitStruct.Mode = GPIO_MODE_AF_PP;
 156:Core/Src/usart.c ****     GPIO_InitStruct.Pull = GPIO_NOPULL;
 157:Core/Src/usart.c ****     GPIO_InitStruct.Speed = GPIO_SPEED_FREQ_VERY_HIGH;
 158:Core/Src/usart.c ****     GPIO_InitStruct.Alternate = GPIO_AF7_USART3;
 159:Core/Src/usart.c ****     HAL_GPIO_Init(GPIOC, &GPIO_InitStruct);
 160:Core/Src/usart.c **** 
 161:Core/Src/usart.c ****     /* USART3 DMA Init */
 162:Core/Src/usart.c ****     /* USART3_RX Init */
 163:Core/Src/usart.c ****     hdma_usart3_rx.Instance = DMA1_Stream1;
 164:Core/Src/usart.c ****     hdma_usart3_rx.Init.Channel = DMA_CHANNEL_4;
 165:Core/Src/usart.c ****     hdma_usart3_rx.Init.Direction = DMA_PERIPH_TO_MEMORY;
 166:Core/Src/usart.c ****     hdma_usart3_rx.Init.PeriphInc = DMA_PINC_DISABLE;
 167:Core/Src/usart.c ****     hdma_usart3_rx.Init.MemInc = DMA_MINC_ENABLE;
 168:Core/Src/usart.c ****     hdma_usart3_rx.Init.PeriphDataAlignment = DMA_PDATAALIGN_BYTE;
 169:Core/Src/usart.c ****     hdma_usart3_rx.Init.MemDataAlignment = DMA_MDATAALIGN_BYTE;
 170:Core/Src/usart.c ****     hdma_usart3_rx.Init.Mode = DMA_NORMAL;
 171:Core/Src/usart.c ****     hdma_usart3_rx.Init.Priority = DMA_PRIORITY_VERY_HIGH;
 172:Core/Src/usart.c ****     hdma_usart3_rx.Init.FIFOMode = DMA_FIFOMODE_DISABLE;
 173:Core/Src/usart.c ****     if (HAL_DMA_Init(&hdma_usart3_rx) != HAL_OK)
 174:Core/Src/usart.c ****     {
 175:Core/Src/usart.c ****       Error_Handler();
 176:Core/Src/usart.c ****     }
 177:Core/Src/usart.c **** 
 178:Core/Src/usart.c ****     __HAL_LINKDMA(uartHandle,hdmarx,hdma_usart3_rx);
 179:Core/Src/usart.c **** 
 180:Core/Src/usart.c ****     /* USART3 interrupt Init */
 181:Core/Src/usart.c ****     HAL_NVIC_SetPriority(USART3_IRQn, 5, 0);
 182:Core/Src/usart.c ****     HAL_NVIC_EnableIRQ(USART3_IRQn);
 183:Core/Src/usart.c ****   /* USER CODE BEGIN USART3_MspInit 1 */
 184:Core/Src/usart.c **** 
 185:Core/Src/usart.c ****   /* USER CODE END USART3_MspInit 1 */
 186:Core/Src/usart.c ****   }
 187:Core/Src/usart.c **** }
 208              		.loc 1 187 1 view .LVU55
 209 0020 0BB0     		add	sp, sp, #44
 210              	.LCFI4:
 211              		.cfi_remember_state
 212              		.cfi_def_cfa_offset 12
 213              		@ sp needed
 214 0022 30BD     		pop	{r4, r5, pc}
 215              	.LVL6:
ARM GAS  C:\User\Default\ccYej4Lk.s 			page 8


 216              	.L19:
 217              	.LCFI5:
 218              		.cfi_restore_state
 101:Core/Src/usart.c **** 
 219              		.loc 1 101 5 is_stmt 1 view .LVU56
 220              	.LBB2:
 101:Core/Src/usart.c **** 
 221              		.loc 1 101 5 view .LVU57
 222 0024 0025     		movs	r5, #0
 223 0026 0195     		str	r5, [sp, #4]
 101:Core/Src/usart.c **** 
 224              		.loc 1 101 5 view .LVU58
 225 0028 474B     		ldr	r3, .L23+8
 226 002a 5A6C     		ldr	r2, [r3, #68]
 227 002c 42F01002 		orr	r2, r2, #16
 228 0030 5A64     		str	r2, [r3, #68]
 101:Core/Src/usart.c **** 
 229              		.loc 1 101 5 view .LVU59
 230 0032 5A6C     		ldr	r2, [r3, #68]
 231 0034 02F01002 		and	r2, r2, #16
 232 0038 0192     		str	r2, [sp, #4]
 101:Core/Src/usart.c **** 
 233              		.loc 1 101 5 view .LVU60
 234 003a 019A     		ldr	r2, [sp, #4]
 235              	.LBE2:
 101:Core/Src/usart.c **** 
 236              		.loc 1 101 5 view .LVU61
 103:Core/Src/usart.c ****     /**USART1 GPIO Configuration
 237              		.loc 1 103 5 view .LVU62
 238              	.LBB3:
 103:Core/Src/usart.c ****     /**USART1 GPIO Configuration
 239              		.loc 1 103 5 view .LVU63
 240 003c 0295     		str	r5, [sp, #8]
 103:Core/Src/usart.c ****     /**USART1 GPIO Configuration
 241              		.loc 1 103 5 view .LVU64
 242 003e 1A6B     		ldr	r2, [r3, #48]
 243 0040 42F00202 		orr	r2, r2, #2
 244 0044 1A63     		str	r2, [r3, #48]
 103:Core/Src/usart.c ****     /**USART1 GPIO Configuration
 245              		.loc 1 103 5 view .LVU65
 246 0046 1B6B     		ldr	r3, [r3, #48]
 247 0048 03F00203 		and	r3, r3, #2
 248 004c 0293     		str	r3, [sp, #8]
 103:Core/Src/usart.c ****     /**USART1 GPIO Configuration
 249              		.loc 1 103 5 view .LVU66
 250 004e 029B     		ldr	r3, [sp, #8]
 251              	.LBE3:
 103:Core/Src/usart.c ****     /**USART1 GPIO Configuration
 252              		.loc 1 103 5 view .LVU67
 108:Core/Src/usart.c ****     GPIO_InitStruct.Mode = GPIO_MODE_AF_PP;
 253              		.loc 1 108 5 view .LVU68
 108:Core/Src/usart.c ****     GPIO_InitStruct.Mode = GPIO_MODE_AF_PP;
 254              		.loc 1 108 25 is_stmt 0 view .LVU69
 255 0050 C023     		movs	r3, #192
 256 0052 0593     		str	r3, [sp, #20]
 109:Core/Src/usart.c ****     GPIO_InitStruct.Pull = GPIO_NOPULL;
 257              		.loc 1 109 5 is_stmt 1 view .LVU70
ARM GAS  C:\User\Default\ccYej4Lk.s 			page 9


 109:Core/Src/usart.c ****     GPIO_InitStruct.Pull = GPIO_NOPULL;
 258              		.loc 1 109 26 is_stmt 0 view .LVU71
 259 0054 0223     		movs	r3, #2
 260 0056 0693     		str	r3, [sp, #24]
 110:Core/Src/usart.c ****     GPIO_InitStruct.Speed = GPIO_SPEED_FREQ_VERY_HIGH;
 261              		.loc 1 110 5 is_stmt 1 view .LVU72
 111:Core/Src/usart.c ****     GPIO_InitStruct.Alternate = GPIO_AF7_USART1;
 262              		.loc 1 111 5 view .LVU73
 111:Core/Src/usart.c ****     GPIO_InitStruct.Alternate = GPIO_AF7_USART1;
 263              		.loc 1 111 27 is_stmt 0 view .LVU74
 264 0058 0323     		movs	r3, #3
 265 005a 0893     		str	r3, [sp, #32]
 112:Core/Src/usart.c ****     HAL_GPIO_Init(GPIOB, &GPIO_InitStruct);
 266              		.loc 1 112 5 is_stmt 1 view .LVU75
 112:Core/Src/usart.c ****     HAL_GPIO_Init(GPIOB, &GPIO_InitStruct);
 267              		.loc 1 112 31 is_stmt 0 view .LVU76
 268 005c 0723     		movs	r3, #7
 269 005e 0993     		str	r3, [sp, #36]
 113:Core/Src/usart.c **** 
 270              		.loc 1 113 5 is_stmt 1 view .LVU77
 271 0060 05A9     		add	r1, sp, #20
 272 0062 3A48     		ldr	r0, .L23+12
 273              	.LVL7:
 113:Core/Src/usart.c **** 
 274              		.loc 1 113 5 is_stmt 0 view .LVU78
 275 0064 FFF7FEFF 		bl	HAL_GPIO_Init
 276              	.LVL8:
 117:Core/Src/usart.c ****     hdma_usart1_tx.Init.Channel = DMA_CHANNEL_4;
 277              		.loc 1 117 5 is_stmt 1 view .LVU79
 117:Core/Src/usart.c ****     hdma_usart1_tx.Init.Channel = DMA_CHANNEL_4;
 278              		.loc 1 117 29 is_stmt 0 view .LVU80
 279 0068 3948     		ldr	r0, .L23+16
 280 006a 3A4B     		ldr	r3, .L23+20
 281 006c 0360     		str	r3, [r0]
 118:Core/Src/usart.c ****     hdma_usart1_tx.Init.Direction = DMA_MEMORY_TO_PERIPH;
 282              		.loc 1 118 5 is_stmt 1 view .LVU81
 118:Core/Src/usart.c ****     hdma_usart1_tx.Init.Direction = DMA_MEMORY_TO_PERIPH;
 283              		.loc 1 118 33 is_stmt 0 view .LVU82
 284 006e 4FF00063 		mov	r3, #134217728
 285 0072 4360     		str	r3, [r0, #4]
 119:Core/Src/usart.c ****     hdma_usart1_tx.Init.PeriphInc = DMA_PINC_DISABLE;
 286              		.loc 1 119 5 is_stmt 1 view .LVU83
 119:Core/Src/usart.c ****     hdma_usart1_tx.Init.PeriphInc = DMA_PINC_DISABLE;
 287              		.loc 1 119 35 is_stmt 0 view .LVU84
 288 0074 4023     		movs	r3, #64
 289 0076 8360     		str	r3, [r0, #8]
 120:Core/Src/usart.c ****     hdma_usart1_tx.Init.MemInc = DMA_MINC_ENABLE;
 290              		.loc 1 120 5 is_stmt 1 view .LVU85
 120:Core/Src/usart.c ****     hdma_usart1_tx.Init.MemInc = DMA_MINC_ENABLE;
 291              		.loc 1 120 35 is_stmt 0 view .LVU86
 292 0078 C560     		str	r5, [r0, #12]
 121:Core/Src/usart.c ****     hdma_usart1_tx.Init.PeriphDataAlignment = DMA_PDATAALIGN_BYTE;
 293              		.loc 1 121 5 is_stmt 1 view .LVU87
 121:Core/Src/usart.c ****     hdma_usart1_tx.Init.PeriphDataAlignment = DMA_PDATAALIGN_BYTE;
 294              		.loc 1 121 32 is_stmt 0 view .LVU88
 295 007a 4FF48063 		mov	r3, #1024
 296 007e 0361     		str	r3, [r0, #16]
ARM GAS  C:\User\Default\ccYej4Lk.s 			page 10


 122:Core/Src/usart.c ****     hdma_usart1_tx.Init.MemDataAlignment = DMA_MDATAALIGN_BYTE;
 297              		.loc 1 122 5 is_stmt 1 view .LVU89
 122:Core/Src/usart.c ****     hdma_usart1_tx.Init.MemDataAlignment = DMA_MDATAALIGN_BYTE;
 298              		.loc 1 122 45 is_stmt 0 view .LVU90
 299 0080 4561     		str	r5, [r0, #20]
 123:Core/Src/usart.c ****     hdma_usart1_tx.Init.Mode = DMA_NORMAL;
 300              		.loc 1 123 5 is_stmt 1 view .LVU91
 123:Core/Src/usart.c ****     hdma_usart1_tx.Init.Mode = DMA_NORMAL;
 301              		.loc 1 123 42 is_stmt 0 view .LVU92
 302 0082 8561     		str	r5, [r0, #24]
 124:Core/Src/usart.c ****     hdma_usart1_tx.Init.Priority = DMA_PRIORITY_VERY_HIGH;
 303              		.loc 1 124 5 is_stmt 1 view .LVU93
 124:Core/Src/usart.c ****     hdma_usart1_tx.Init.Priority = DMA_PRIORITY_VERY_HIGH;
 304              		.loc 1 124 30 is_stmt 0 view .LVU94
 305 0084 C561     		str	r5, [r0, #28]
 125:Core/Src/usart.c ****     hdma_usart1_tx.Init.FIFOMode = DMA_FIFOMODE_DISABLE;
 306              		.loc 1 125 5 is_stmt 1 view .LVU95
 125:Core/Src/usart.c ****     hdma_usart1_tx.Init.FIFOMode = DMA_FIFOMODE_DISABLE;
 307              		.loc 1 125 34 is_stmt 0 view .LVU96
 308 0086 4FF44033 		mov	r3, #196608
 309 008a 0362     		str	r3, [r0, #32]
 126:Core/Src/usart.c ****     if (HAL_DMA_Init(&hdma_usart1_tx) != HAL_OK)
 310              		.loc 1 126 5 is_stmt 1 view .LVU97
 126:Core/Src/usart.c ****     if (HAL_DMA_Init(&hdma_usart1_tx) != HAL_OK)
 311              		.loc 1 126 34 is_stmt 0 view .LVU98
 312 008c 4562     		str	r5, [r0, #36]
 127:Core/Src/usart.c ****     {
 313              		.loc 1 127 5 is_stmt 1 view .LVU99
 127:Core/Src/usart.c ****     {
 314              		.loc 1 127 9 is_stmt 0 view .LVU100
 315 008e FFF7FEFF 		bl	HAL_DMA_Init
 316              	.LVL9:
 127:Core/Src/usart.c ****     {
 317              		.loc 1 127 8 view .LVU101
 318 0092 58B9     		cbnz	r0, .L21
 319              	.L15:
 132:Core/Src/usart.c **** 
 320              		.loc 1 132 5 is_stmt 1 view .LVU102
 132:Core/Src/usart.c **** 
 321              		.loc 1 132 5 view .LVU103
 322 0094 2E4B     		ldr	r3, .L23+16
 323 0096 A363     		str	r3, [r4, #56]
 132:Core/Src/usart.c **** 
 324              		.loc 1 132 5 view .LVU104
 325 0098 9C63     		str	r4, [r3, #56]
 132:Core/Src/usart.c **** 
 326              		.loc 1 132 5 view .LVU105
 135:Core/Src/usart.c ****     HAL_NVIC_EnableIRQ(USART1_IRQn);
 327              		.loc 1 135 5 view .LVU106
 328 009a 0022     		movs	r2, #0
 329 009c 0521     		movs	r1, #5
 330 009e 2520     		movs	r0, #37
 331 00a0 FFF7FEFF 		bl	HAL_NVIC_SetPriority
 332              	.LVL10:
 136:Core/Src/usart.c ****   /* USER CODE BEGIN USART1_MspInit 1 */
 333              		.loc 1 136 5 view .LVU107
 334 00a4 2520     		movs	r0, #37
ARM GAS  C:\User\Default\ccYej4Lk.s 			page 11


 335 00a6 FFF7FEFF 		bl	HAL_NVIC_EnableIRQ
 336              	.LVL11:
 337 00aa B9E7     		b	.L13
 338              	.L21:
 129:Core/Src/usart.c ****     }
 339              		.loc 1 129 7 view .LVU108
 340 00ac FFF7FEFF 		bl	Error_Handler
 341              	.LVL12:
 342 00b0 F0E7     		b	.L15
 343              	.LVL13:
 344              	.L20:
 147:Core/Src/usart.c **** 
 345              		.loc 1 147 5 view .LVU109
 346              	.LBB4:
 147:Core/Src/usart.c **** 
 347              		.loc 1 147 5 view .LVU110
 348 00b2 0025     		movs	r5, #0
 349 00b4 0395     		str	r5, [sp, #12]
 147:Core/Src/usart.c **** 
 350              		.loc 1 147 5 view .LVU111
 351 00b6 244B     		ldr	r3, .L23+8
 352 00b8 1A6C     		ldr	r2, [r3, #64]
 353 00ba 42F48022 		orr	r2, r2, #262144
 354 00be 1A64     		str	r2, [r3, #64]
 147:Core/Src/usart.c **** 
 355              		.loc 1 147 5 view .LVU112
 356 00c0 1A6C     		ldr	r2, [r3, #64]
 357 00c2 02F48022 		and	r2, r2, #262144
 358 00c6 0392     		str	r2, [sp, #12]
 147:Core/Src/usart.c **** 
 359              		.loc 1 147 5 view .LVU113
 360 00c8 039A     		ldr	r2, [sp, #12]
 361              	.LBE4:
 147:Core/Src/usart.c **** 
 362              		.loc 1 147 5 view .LVU114
 149:Core/Src/usart.c ****     /**USART3 GPIO Configuration
 363              		.loc 1 149 5 view .LVU115
 364              	.LBB5:
 149:Core/Src/usart.c ****     /**USART3 GPIO Configuration
 365              		.loc 1 149 5 view .LVU116
 366 00ca 0495     		str	r5, [sp, #16]
 149:Core/Src/usart.c ****     /**USART3 GPIO Configuration
 367              		.loc 1 149 5 view .LVU117
 368 00cc 1A6B     		ldr	r2, [r3, #48]
 369 00ce 42F00402 		orr	r2, r2, #4
 370 00d2 1A63     		str	r2, [r3, #48]
 149:Core/Src/usart.c ****     /**USART3 GPIO Configuration
 371              		.loc 1 149 5 view .LVU118
 372 00d4 1B6B     		ldr	r3, [r3, #48]
 373 00d6 03F00403 		and	r3, r3, #4
 374 00da 0493     		str	r3, [sp, #16]
 149:Core/Src/usart.c ****     /**USART3 GPIO Configuration
 375              		.loc 1 149 5 view .LVU119
 376 00dc 049B     		ldr	r3, [sp, #16]
 377              	.LBE5:
 149:Core/Src/usart.c ****     /**USART3 GPIO Configuration
 378              		.loc 1 149 5 view .LVU120
ARM GAS  C:\User\Default\ccYej4Lk.s 			page 12


 154:Core/Src/usart.c ****     GPIO_InitStruct.Mode = GPIO_MODE_AF_PP;
 379              		.loc 1 154 5 view .LVU121
 154:Core/Src/usart.c ****     GPIO_InitStruct.Mode = GPIO_MODE_AF_PP;
 380              		.loc 1 154 25 is_stmt 0 view .LVU122
 381 00de 4FF44063 		mov	r3, #3072
 382 00e2 0593     		str	r3, [sp, #20]
 155:Core/Src/usart.c ****     GPIO_InitStruct.Pull = GPIO_NOPULL;
 383              		.loc 1 155 5 is_stmt 1 view .LVU123
 155:Core/Src/usart.c ****     GPIO_InitStruct.Pull = GPIO_NOPULL;
 384              		.loc 1 155 26 is_stmt 0 view .LVU124
 385 00e4 0223     		movs	r3, #2
 386 00e6 0693     		str	r3, [sp, #24]
 156:Core/Src/usart.c ****     GPIO_InitStruct.Speed = GPIO_SPEED_FREQ_VERY_HIGH;
 387              		.loc 1 156 5 is_stmt 1 view .LVU125
 157:Core/Src/usart.c ****     GPIO_InitStruct.Alternate = GPIO_AF7_USART3;
 388              		.loc 1 157 5 view .LVU126
 157:Core/Src/usart.c ****     GPIO_InitStruct.Alternate = GPIO_AF7_USART3;
 389              		.loc 1 157 27 is_stmt 0 view .LVU127
 390 00e8 0323     		movs	r3, #3
 391 00ea 0893     		str	r3, [sp, #32]
 158:Core/Src/usart.c ****     HAL_GPIO_Init(GPIOC, &GPIO_InitStruct);
 392              		.loc 1 158 5 is_stmt 1 view .LVU128
 158:Core/Src/usart.c ****     HAL_GPIO_Init(GPIOC, &GPIO_InitStruct);
 393              		.loc 1 158 31 is_stmt 0 view .LVU129
 394 00ec 0723     		movs	r3, #7
 395 00ee 0993     		str	r3, [sp, #36]
 159:Core/Src/usart.c **** 
 396              		.loc 1 159 5 is_stmt 1 view .LVU130
 397 00f0 05A9     		add	r1, sp, #20
 398 00f2 1948     		ldr	r0, .L23+24
 399              	.LVL14:
 159:Core/Src/usart.c **** 
 400              		.loc 1 159 5 is_stmt 0 view .LVU131
 401 00f4 FFF7FEFF 		bl	HAL_GPIO_Init
 402              	.LVL15:
 163:Core/Src/usart.c ****     hdma_usart3_rx.Init.Channel = DMA_CHANNEL_4;
 403              		.loc 1 163 5 is_stmt 1 view .LVU132
 163:Core/Src/usart.c ****     hdma_usart3_rx.Init.Channel = DMA_CHANNEL_4;
 404              		.loc 1 163 29 is_stmt 0 view .LVU133
 405 00f8 1848     		ldr	r0, .L23+28
 406 00fa 194B     		ldr	r3, .L23+32
 407 00fc 0360     		str	r3, [r0]
 164:Core/Src/usart.c ****     hdma_usart3_rx.Init.Direction = DMA_PERIPH_TO_MEMORY;
 408              		.loc 1 164 5 is_stmt 1 view .LVU134
 164:Core/Src/usart.c ****     hdma_usart3_rx.Init.Direction = DMA_PERIPH_TO_MEMORY;
 409              		.loc 1 164 33 is_stmt 0 view .LVU135
 410 00fe 4FF00063 		mov	r3, #134217728
 411 0102 4360     		str	r3, [r0, #4]
 165:Core/Src/usart.c ****     hdma_usart3_rx.Init.PeriphInc = DMA_PINC_DISABLE;
 412              		.loc 1 165 5 is_stmt 1 view .LVU136
 165:Core/Src/usart.c ****     hdma_usart3_rx.Init.PeriphInc = DMA_PINC_DISABLE;
 413              		.loc 1 165 35 is_stmt 0 view .LVU137
 414 0104 8560     		str	r5, [r0, #8]
 166:Core/Src/usart.c ****     hdma_usart3_rx.Init.MemInc = DMA_MINC_ENABLE;
 415              		.loc 1 166 5 is_stmt 1 view .LVU138
 166:Core/Src/usart.c ****     hdma_usart3_rx.Init.MemInc = DMA_MINC_ENABLE;
 416              		.loc 1 166 35 is_stmt 0 view .LVU139
ARM GAS  C:\User\Default\ccYej4Lk.s 			page 13


 417 0106 C560     		str	r5, [r0, #12]
 167:Core/Src/usart.c ****     hdma_usart3_rx.Init.PeriphDataAlignment = DMA_PDATAALIGN_BYTE;
 418              		.loc 1 167 5 is_stmt 1 view .LVU140
 167:Core/Src/usart.c ****     hdma_usart3_rx.Init.PeriphDataAlignment = DMA_PDATAALIGN_BYTE;
 419              		.loc 1 167 32 is_stmt 0 view .LVU141
 420 0108 4FF48063 		mov	r3, #1024
 421 010c 0361     		str	r3, [r0, #16]
 168:Core/Src/usart.c ****     hdma_usart3_rx.Init.MemDataAlignment = DMA_MDATAALIGN_BYTE;
 422              		.loc 1 168 5 is_stmt 1 view .LVU142
 168:Core/Src/usart.c ****     hdma_usart3_rx.Init.MemDataAlignment = DMA_MDATAALIGN_BYTE;
 423              		.loc 1 168 45 is_stmt 0 view .LVU143
 424 010e 4561     		str	r5, [r0, #20]
 169:Core/Src/usart.c ****     hdma_usart3_rx.Init.Mode = DMA_NORMAL;
 425              		.loc 1 169 5 is_stmt 1 view .LVU144
 169:Core/Src/usart.c ****     hdma_usart3_rx.Init.Mode = DMA_NORMAL;
 426              		.loc 1 169 42 is_stmt 0 view .LVU145
 427 0110 8561     		str	r5, [r0, #24]
 170:Core/Src/usart.c ****     hdma_usart3_rx.Init.Priority = DMA_PRIORITY_VERY_HIGH;
 428              		.loc 1 170 5 is_stmt 1 view .LVU146
 170:Core/Src/usart.c ****     hdma_usart3_rx.Init.Priority = DMA_PRIORITY_VERY_HIGH;
 429              		.loc 1 170 30 is_stmt 0 view .LVU147
 430 0112 C561     		str	r5, [r0, #28]
 171:Core/Src/usart.c ****     hdma_usart3_rx.Init.FIFOMode = DMA_FIFOMODE_DISABLE;
 431              		.loc 1 171 5 is_stmt 1 view .LVU148
 171:Core/Src/usart.c ****     hdma_usart3_rx.Init.FIFOMode = DMA_FIFOMODE_DISABLE;
 432              		.loc 1 171 34 is_stmt 0 view .LVU149
 433 0114 4FF44033 		mov	r3, #196608
 434 0118 0362     		str	r3, [r0, #32]
 172:Core/Src/usart.c ****     if (HAL_DMA_Init(&hdma_usart3_rx) != HAL_OK)
 435              		.loc 1 172 5 is_stmt 1 view .LVU150
 172:Core/Src/usart.c ****     if (HAL_DMA_Init(&hdma_usart3_rx) != HAL_OK)
 436              		.loc 1 172 34 is_stmt 0 view .LVU151
 437 011a 4562     		str	r5, [r0, #36]
 173:Core/Src/usart.c ****     {
 438              		.loc 1 173 5 is_stmt 1 view .LVU152
 173:Core/Src/usart.c ****     {
 439              		.loc 1 173 9 is_stmt 0 view .LVU153
 440 011c FFF7FEFF 		bl	HAL_DMA_Init
 441              	.LVL16:
 173:Core/Src/usart.c ****     {
 442              		.loc 1 173 8 view .LVU154
 443 0120 58B9     		cbnz	r0, .L22
 444              	.L17:
 178:Core/Src/usart.c **** 
 445              		.loc 1 178 5 is_stmt 1 view .LVU155
 178:Core/Src/usart.c **** 
 446              		.loc 1 178 5 view .LVU156
 447 0122 0E4B     		ldr	r3, .L23+28
 448 0124 E363     		str	r3, [r4, #60]
 178:Core/Src/usart.c **** 
 449              		.loc 1 178 5 view .LVU157
 450 0126 9C63     		str	r4, [r3, #56]
 178:Core/Src/usart.c **** 
 451              		.loc 1 178 5 view .LVU158
 181:Core/Src/usart.c ****     HAL_NVIC_EnableIRQ(USART3_IRQn);
 452              		.loc 1 181 5 view .LVU159
 453 0128 0022     		movs	r2, #0
ARM GAS  C:\User\Default\ccYej4Lk.s 			page 14


 454 012a 0521     		movs	r1, #5
 455 012c 2720     		movs	r0, #39
 456 012e FFF7FEFF 		bl	HAL_NVIC_SetPriority
 457              	.LVL17:
 182:Core/Src/usart.c ****   /* USER CODE BEGIN USART3_MspInit 1 */
 458              		.loc 1 182 5 view .LVU160
 459 0132 2720     		movs	r0, #39
 460 0134 FFF7FEFF 		bl	HAL_NVIC_EnableIRQ
 461              	.LVL18:
 462              		.loc 1 187 1 is_stmt 0 view .LVU161
 463 0138 72E7     		b	.L13
 464              	.L22:
 175:Core/Src/usart.c ****     }
 465              		.loc 1 175 7 is_stmt 1 view .LVU162
 466 013a FFF7FEFF 		bl	Error_Handler
 467              	.LVL19:
 468 013e F0E7     		b	.L17
 469              	.L24:
 470              		.align	2
 471              	.L23:
 472 0140 00100140 		.word	1073811456
 473 0144 00480040 		.word	1073760256
 474 0148 00380240 		.word	1073887232
 475 014c 00040240 		.word	1073873920
 476 0150 00000000 		.word	.LANCHOR2
 477 0154 B8640240 		.word	1073898680
 478 0158 00080240 		.word	1073874944
 479 015c 00000000 		.word	.LANCHOR3
 480 0160 28600240 		.word	1073897512
 481              		.cfi_endproc
 482              	.LFE136:
 484              		.section	.text.HAL_UART_MspDeInit,"ax",%progbits
 485              		.align	1
 486              		.global	HAL_UART_MspDeInit
 487              		.syntax unified
 488              		.thumb
 489              		.thumb_func
 491              	HAL_UART_MspDeInit:
 492              	.LVL20:
 493              	.LFB137:
 188:Core/Src/usart.c **** 
 189:Core/Src/usart.c **** void HAL_UART_MspDeInit(UART_HandleTypeDef* uartHandle)
 190:Core/Src/usart.c **** {
 494              		.loc 1 190 1 view -0
 495              		.cfi_startproc
 496              		@ args = 0, pretend = 0, frame = 0
 497              		@ frame_needed = 0, uses_anonymous_args = 0
 498              		.loc 1 190 1 is_stmt 0 view .LVU164
 499 0000 10B5     		push	{r4, lr}
 500              	.LCFI6:
 501              		.cfi_def_cfa_offset 8
 502              		.cfi_offset 4, -8
 503              		.cfi_offset 14, -4
 504 0002 0446     		mov	r4, r0
 191:Core/Src/usart.c **** 
 192:Core/Src/usart.c ****   if(uartHandle->Instance==USART1)
 505              		.loc 1 192 3 is_stmt 1 view .LVU165
ARM GAS  C:\User\Default\ccYej4Lk.s 			page 15


 506              		.loc 1 192 16 is_stmt 0 view .LVU166
 507 0004 0368     		ldr	r3, [r0]
 508              		.loc 1 192 5 view .LVU167
 509 0006 154A     		ldr	r2, .L31
 510 0008 9342     		cmp	r3, r2
 511 000a 03D0     		beq	.L29
 193:Core/Src/usart.c ****   {
 194:Core/Src/usart.c ****   /* USER CODE BEGIN USART1_MspDeInit 0 */
 195:Core/Src/usart.c **** 
 196:Core/Src/usart.c ****   /* USER CODE END USART1_MspDeInit 0 */
 197:Core/Src/usart.c ****     /* Peripheral clock disable */
 198:Core/Src/usart.c ****     __HAL_RCC_USART1_CLK_DISABLE();
 199:Core/Src/usart.c **** 
 200:Core/Src/usart.c ****     /**USART1 GPIO Configuration
 201:Core/Src/usart.c ****     PB7     ------> USART1_RX
 202:Core/Src/usart.c ****     PB6     ------> USART1_TX
 203:Core/Src/usart.c ****     */
 204:Core/Src/usart.c ****     HAL_GPIO_DeInit(GPIOB, GPIO_PIN_7|GPIO_PIN_6);
 205:Core/Src/usart.c **** 
 206:Core/Src/usart.c ****     /* USART1 DMA DeInit */
 207:Core/Src/usart.c ****     HAL_DMA_DeInit(uartHandle->hdmatx);
 208:Core/Src/usart.c **** 
 209:Core/Src/usart.c ****     /* USART1 interrupt Deinit */
 210:Core/Src/usart.c ****     HAL_NVIC_DisableIRQ(USART1_IRQn);
 211:Core/Src/usart.c ****   /* USER CODE BEGIN USART1_MspDeInit 1 */
 212:Core/Src/usart.c **** 
 213:Core/Src/usart.c ****   /* USER CODE END USART1_MspDeInit 1 */
 214:Core/Src/usart.c ****   }
 215:Core/Src/usart.c ****   else if(uartHandle->Instance==USART3)
 512              		.loc 1 215 8 is_stmt 1 view .LVU168
 513              		.loc 1 215 10 is_stmt 0 view .LVU169
 514 000c 144A     		ldr	r2, .L31+4
 515 000e 9342     		cmp	r3, r2
 516 0010 11D0     		beq	.L30
 517              	.LVL21:
 518              	.L25:
 216:Core/Src/usart.c ****   {
 217:Core/Src/usart.c ****   /* USER CODE BEGIN USART3_MspDeInit 0 */
 218:Core/Src/usart.c **** 
 219:Core/Src/usart.c ****   /* USER CODE END USART3_MspDeInit 0 */
 220:Core/Src/usart.c ****     /* Peripheral clock disable */
 221:Core/Src/usart.c ****     __HAL_RCC_USART3_CLK_DISABLE();
 222:Core/Src/usart.c **** 
 223:Core/Src/usart.c ****     /**USART3 GPIO Configuration
 224:Core/Src/usart.c ****     PC11     ------> USART3_RX
 225:Core/Src/usart.c ****     PC10     ------> USART3_TX
 226:Core/Src/usart.c ****     */
 227:Core/Src/usart.c ****     HAL_GPIO_DeInit(GPIOC, GPIO_PIN_11|GPIO_PIN_10);
 228:Core/Src/usart.c **** 
 229:Core/Src/usart.c ****     /* USART3 DMA DeInit */
 230:Core/Src/usart.c ****     HAL_DMA_DeInit(uartHandle->hdmarx);
 231:Core/Src/usart.c **** 
 232:Core/Src/usart.c ****     /* USART3 interrupt Deinit */
 233:Core/Src/usart.c ****     HAL_NVIC_DisableIRQ(USART3_IRQn);
 234:Core/Src/usart.c ****   /* USER CODE BEGIN USART3_MspDeInit 1 */
 235:Core/Src/usart.c **** 
 236:Core/Src/usart.c ****   /* USER CODE END USART3_MspDeInit 1 */
ARM GAS  C:\User\Default\ccYej4Lk.s 			page 16


 237:Core/Src/usart.c ****   }
 238:Core/Src/usart.c **** }
 519              		.loc 1 238 1 view .LVU170
 520 0012 10BD     		pop	{r4, pc}
 521              	.LVL22:
 522              	.L29:
 198:Core/Src/usart.c **** 
 523              		.loc 1 198 5 is_stmt 1 view .LVU171
 524 0014 02F59432 		add	r2, r2, #75776
 525 0018 536C     		ldr	r3, [r2, #68]
 526 001a 23F01003 		bic	r3, r3, #16
 527 001e 5364     		str	r3, [r2, #68]
 204:Core/Src/usart.c **** 
 528              		.loc 1 204 5 view .LVU172
 529 0020 C021     		movs	r1, #192
 530 0022 1048     		ldr	r0, .L31+8
 531              	.LVL23:
 204:Core/Src/usart.c **** 
 532              		.loc 1 204 5 is_stmt 0 view .LVU173
 533 0024 FFF7FEFF 		bl	HAL_GPIO_DeInit
 534              	.LVL24:
 207:Core/Src/usart.c **** 
 535              		.loc 1 207 5 is_stmt 1 view .LVU174
 536 0028 A06B     		ldr	r0, [r4, #56]
 537 002a FFF7FEFF 		bl	HAL_DMA_DeInit
 538              	.LVL25:
 210:Core/Src/usart.c ****   /* USER CODE BEGIN USART1_MspDeInit 1 */
 539              		.loc 1 210 5 view .LVU175
 540 002e 2520     		movs	r0, #37
 541 0030 FFF7FEFF 		bl	HAL_NVIC_DisableIRQ
 542              	.LVL26:
 543 0034 EDE7     		b	.L25
 544              	.LVL27:
 545              	.L30:
 221:Core/Src/usart.c **** 
 546              		.loc 1 221 5 view .LVU176
 547 0036 02F5F832 		add	r2, r2, #126976
 548 003a 136C     		ldr	r3, [r2, #64]
 549 003c 23F48023 		bic	r3, r3, #262144
 550 0040 1364     		str	r3, [r2, #64]
 227:Core/Src/usart.c **** 
 551              		.loc 1 227 5 view .LVU177
 552 0042 4FF44061 		mov	r1, #3072
 553 0046 0848     		ldr	r0, .L31+12
 554              	.LVL28:
 227:Core/Src/usart.c **** 
 555              		.loc 1 227 5 is_stmt 0 view .LVU178
 556 0048 FFF7FEFF 		bl	HAL_GPIO_DeInit
 557              	.LVL29:
 230:Core/Src/usart.c **** 
 558              		.loc 1 230 5 is_stmt 1 view .LVU179
 559 004c E06B     		ldr	r0, [r4, #60]
 560 004e FFF7FEFF 		bl	HAL_DMA_DeInit
 561              	.LVL30:
 233:Core/Src/usart.c ****   /* USER CODE BEGIN USART3_MspDeInit 1 */
 562              		.loc 1 233 5 view .LVU180
 563 0052 2720     		movs	r0, #39
ARM GAS  C:\User\Default\ccYej4Lk.s 			page 17


 564 0054 FFF7FEFF 		bl	HAL_NVIC_DisableIRQ
 565              	.LVL31:
 566              		.loc 1 238 1 is_stmt 0 view .LVU181
 567 0058 DBE7     		b	.L25
 568              	.L32:
 569 005a 00BF     		.align	2
 570              	.L31:
 571 005c 00100140 		.word	1073811456
 572 0060 00480040 		.word	1073760256
 573 0064 00040240 		.word	1073873920
 574 0068 00080240 		.word	1073874944
 575              		.cfi_endproc
 576              	.LFE137:
 578              		.global	hdma_usart3_rx
 579              		.global	hdma_usart1_tx
 580              		.global	huart3
 581              		.global	huart1
 582              		.section	.bss.hdma_usart1_tx,"aw",%nobits
 583              		.align	2
 584              		.set	.LANCHOR2,. + 0
 587              	hdma_usart1_tx:
 588 0000 00000000 		.space	96
 588      00000000 
 588      00000000 
 588      00000000 
 588      00000000 
 589              		.section	.bss.hdma_usart3_rx,"aw",%nobits
 590              		.align	2
 591              		.set	.LANCHOR3,. + 0
 594              	hdma_usart3_rx:
 595 0000 00000000 		.space	96
 595      00000000 
 595      00000000 
 595      00000000 
 595      00000000 
 596              		.section	.bss.huart1,"aw",%nobits
 597              		.align	2
 598              		.set	.LANCHOR0,. + 0
 601              	huart1:
 602 0000 00000000 		.space	72
 602      00000000 
 602      00000000 
 602      00000000 
 602      00000000 
 603              		.section	.bss.huart3,"aw",%nobits
 604              		.align	2
 605              		.set	.LANCHOR1,. + 0
 608              	huart3:
 609 0000 00000000 		.space	72
 609      00000000 
 609      00000000 
 609      00000000 
 609      00000000 
 610              		.text
 611              	.Letext0:
 612              		.file 2 "e:\\arm-gnu\\arm\\arm-none-eabi\\include\\machine\\_default_types.h"
 613              		.file 3 "e:\\arm-gnu\\arm\\arm-none-eabi\\include\\sys\\_stdint.h"
ARM GAS  C:\User\Default\ccYej4Lk.s 			page 18


 614              		.file 4 "Drivers/CMSIS/Device/ST/STM32F4xx/Include/stm32f407xx.h"
 615              		.file 5 "Drivers/STM32F4xx_HAL_Driver/Inc/stm32f4xx_hal_def.h"
 616              		.file 6 "Drivers/STM32F4xx_HAL_Driver/Inc/stm32f4xx_hal_gpio.h"
 617              		.file 7 "Drivers/STM32F4xx_HAL_Driver/Inc/stm32f4xx_hal_dma.h"
 618              		.file 8 "Drivers/STM32F4xx_HAL_Driver/Inc/stm32f4xx_hal_uart.h"
 619              		.file 9 "Core/Inc/usart.h"
 620              		.file 10 "Drivers/STM32F4xx_HAL_Driver/Inc/stm32f4xx_hal_cortex.h"
 621              		.file 11 "Core/Inc/main.h"
ARM GAS  C:\User\Default\ccYej4Lk.s 			page 19


DEFINED SYMBOLS
                            *ABS*:00000000 usart.c
C:\User\Default\ccYej4Lk.s:20     .text.MX_USART1_UART_Init:00000000 $t
C:\User\Default\ccYej4Lk.s:26     .text.MX_USART1_UART_Init:00000000 MX_USART1_UART_Init
C:\User\Default\ccYej4Lk.s:85     .text.MX_USART1_UART_Init:0000002c $d
C:\User\Default\ccYej4Lk.s:91     .text.MX_USART3_UART_Init:00000000 $t
C:\User\Default\ccYej4Lk.s:97     .text.MX_USART3_UART_Init:00000000 MX_USART3_UART_Init
C:\User\Default\ccYej4Lk.s:155    .text.MX_USART3_UART_Init:0000002c $d
C:\User\Default\ccYej4Lk.s:162    .text.HAL_UART_MspInit:00000000 $t
C:\User\Default\ccYej4Lk.s:168    .text.HAL_UART_MspInit:00000000 HAL_UART_MspInit
C:\User\Default\ccYej4Lk.s:472    .text.HAL_UART_MspInit:00000140 $d
C:\User\Default\ccYej4Lk.s:485    .text.HAL_UART_MspDeInit:00000000 $t
C:\User\Default\ccYej4Lk.s:491    .text.HAL_UART_MspDeInit:00000000 HAL_UART_MspDeInit
C:\User\Default\ccYej4Lk.s:571    .text.HAL_UART_MspDeInit:0000005c $d
C:\User\Default\ccYej4Lk.s:594    .bss.hdma_usart3_rx:00000000 hdma_usart3_rx
C:\User\Default\ccYej4Lk.s:587    .bss.hdma_usart1_tx:00000000 hdma_usart1_tx
C:\User\Default\ccYej4Lk.s:608    .bss.huart3:00000000 huart3
C:\User\Default\ccYej4Lk.s:601    .bss.huart1:00000000 huart1
C:\User\Default\ccYej4Lk.s:583    .bss.hdma_usart1_tx:00000000 $d
C:\User\Default\ccYej4Lk.s:590    .bss.hdma_usart3_rx:00000000 $d
C:\User\Default\ccYej4Lk.s:597    .bss.huart1:00000000 $d
C:\User\Default\ccYej4Lk.s:604    .bss.huart3:00000000 $d

UNDEFINED SYMBOLS
HAL_UART_Init
Error_Handler
HAL_GPIO_Init
HAL_DMA_Init
HAL_NVIC_SetPriority
HAL_NVIC_EnableIRQ
HAL_GPIO_DeInit
HAL_DMA_DeInit
HAL_NVIC_DisableIRQ
